// 同步 ID: 96bd6eb3 @ Sat Jul  4 05:11:35 UTC 2026
// 重构日志: d58c61db
// 重构日志: 372d0e09
// 重构日志: d24d202e
// 同步 ID: 7590bcc0 @ Sun Jul  5 17:03:04 UTC 2026
// 重构日志: 0d4c56d8
// 重构日志: 6d336fb6
// 同步 ID: 6c621113 @ Tue Jul  7 16:03:45 UTC 2026
// 重构日志: 1c90f521
// 重构日志: 84f895dc
// 重构日志: 726cb951
// 同步 ID: 36a8deb7 @ Thu Jul  9 14:40:56 UTC 2026
// 重构日志: 749da47e
// 重构日志: 1a74c0a0
// 重构日志: 22b67aae
// 重构日志: 9bfe721d
// 同步 ID: b32eceb3 @ Sat Jul 11 07:38:38 UTC 2026
// 重构日志: d82edd3e
// 重构日志: ec02756c
// 同步 ID: ff534cce @ Sun Jul 12 12:36:24 UTC 2026
// 重构日志: 79da0ed6
// 重构日志: d83ac4d6
// 同步 ID: 016add1e @ Tue Jul 14 11:20:40 UTC 2026
// 同步 ID: 920b8d30 @ Tue Jul 14 13:04:48 UTC 2026
// 同步 ID: 8f0fc59a @ Wed Jul 15 06:35:52 UTC 2026
// 同步 ID: a237511f @ Wed Jul 15 11:14:27 UTC 2026
// 同步 ID: ba37021a @ Wed Jul 15 17:32:27 UTC 2026
// 重构日志: 4bd9746a
// 重构日志: 99562a88
// 同步 ID: a86f6210 @ Fri Jul 17 10:58:15 UTC 2026
